"GET /api/app/emergency/ HTTP/1.1" 200 297
INFO:django.server:"GET /api/app/emergency/ HTTP/1.1" 200 297
"GET /api/app/emergency/ HTTP/1.1" 200 297
INFO:django.server:"GET /api/app/emergency/ HTTP/1.1" 200 297
"GET /api/app/emergency/ HTTP/1.1" 200 297
INFO:django.server:"GET /api/app/emergency/ HTTP/1.1" 200 297
"GET /api/app/emergency/ HTTP/1.1" 200 297
INFO:django.server:"GET /api/app/emergency/ HTTP/1.1" 200 297
"GET /api/app/emergency/ HTTP/1.1" 200 297
INFO:django.server:"GET /api/app/emergency/ HTTP/1.1" 200 297
"GET /api/app/emergency/ HTTP/1.1" 200 297
INFO:django.server:"GET /api/app/emergency/ HTTP/1.1" 200 297
"GET /api/app/emergency/ HTTP/1.1" 200 297
INFO:django.server:"GET /api/app/emergency/ HTTP/1.1" 200 297
"GET /api/app/emergency/ HTTP/1.1" 200 297
INFO:django.server:"GET /api/app/emergency/ HTTP/1.1" 200 297
"GET /api/app/emergency/ HTTP/1.1" 200 297
INFO:django.server:"GET /api/app/emergency/ HTTP/1.1" 200 297
"GET /api/app/emergency/ HTTP/1.1" 200 297
INFO:django.server:"GET /api/app/emergency/ HTTP/1.1" 200 297
"GET /api/app/emergency/ HTTP/1.1" 200 297
INFO:django.server:"GET /api/app/emergency/ HTTP/1.1" 200 297
"GET /api/app/emergency/ HTTP/1.1" 200 297
INFO:django.server:"GET /api/app/emergency/ HTTP/1.1" 200 297
"GET /api/app/emergency/ HTTP/1.1" 200 297
INFO:django.server:"GET /api/app/emergency/ HTTP/1.1" 200 297
"GET /api/app/emergency/ HTTP/1.1" 200 297
INFO:django.server:"GET /api/app/emergency/ HTTP/1.1" 200 297
"GET /api/app/emergency/ HTTP/1.1" 200 297
INFO:django.server:"GET /api/app/emergency/ HTTP/1.1" 200 297
"GET /api/app/emergency/ HTTP/1.1" 200 297
INFO:django.server:"GET /api/app/emergency/ HTTP/1.1" 200 297
"GET /api/app/emergency/ HTTP/1.1" 200 297
INFO:django.server:"GET /api/app/emergency/ HTTP/1.1" 200 297
"GET /api/app/emergency/ HTTP/1.1" 200 297
INFO:django.server:"GET /api/app/emergency/ HTTP/1.1" 200 297
"GET /api/app/emergency/ HTTP/1.1" 200 297
INFO:django.server:"GET /api/app/emergency/ HTTP/1.1" 200 297
"GET /api/app/emergency/ HTTP/1.1" 200 297
INFO:django.server:"GET /api/app/emergency/ HTTP/1.1" 200 297
"GET /api/app/emergency/ HTTP/1.1" 200 297
INFO:django.server:"GET /api/app/emergency/ HTTP/1.1" 200 297
"GET /api/app/emergency/ HTTP/1.1" 200 297
INFO:django.server:"GET /api/app/emergency/ HTTP/1.1" 200 297
"GET /api/app/emergency/ HTTP/1.1" 200 297
INFO:django.server:"GET /api/app/emergency/ HTTP/1.1" 200 297
"GET /api/app/emergency/ HTTP/1.1" 200 297
INFO:django.server:"GET /api/app/emergency/ HTTP/1.1" 200 297
"GET /api/app/emergency/ HTTP/1.1" 200 297
INFO:django.server:"GET /api/app/emergency/ HTTP/1.1" 200 297
"GET /api/app/emergency/ HTTP/1.1" 200 297
INFO:django.server:"GET /api/app/emergency/ HTTP/1.1" 200 297
"GET /api/app/emergency/ HTTP/1.1" 200 297
INFO:django.server:"GET /api/app/emergency/ HTTP/1.1" 200 297
"GET /api/app/emergency/ HTTP/1.1" 200 297
INFO:django.server:"GET /api/app/emergency/ HTTP/1.1" 200 297
"GET /api/app/emergency/ HTTP/1.1" 200 297
INFO:django.server:"GET /api/app/emergency/ HTTP/1.1" 200 297
"GET /api/app/emergency/ HTTP/1.1" 200 297
INFO:django.server:"GET /api/app/emergency/ HTTP/1.1" 200 297
"GET /api/app/emergency/ HTTP/1.1" 200 297
INFO:django.server:"GET /api/app/emergency/ HTTP/1.1" 200 297
"GET /api/app/emergency/ HTTP/1.1" 200 297
INFO:django.server:"GET /api/app/emergency/ HTTP/1.1" 200 297
"GET /api/app/emergency/ HTTP/1.1" 200 297
INFO:django.server:"GET /api/app/emergency/ HTTP/1.1" 200 297
"GET /api/app/emergency/ HTTP/1.1" 200 297
INFO:django.server:"GET /api/app/emergency/ HTTP/1.1" 200 297
"GET /api/app/emergency/ HTTP/1.1" 200 297
INFO:django.server:"GET /api/app/emergency/ HTTP/1.1" 200 297
"GET /api/app/emergency/ HTTP/1.1" 200 297
INFO:django.server:"GET /api/app/emergency/ HTTP/1.1" 200 297
"GET /api/app/emergency/ HTTP/1.1" 200 297
INFO:django.server:"GET /api/app/emergency/ HTTP/1.1" 200 297
"GET /api/app/emergency/ HTTP/1.1" 200 297
INFO:django.server:"GET /api/app/emergency/ HTTP/1.1" 200 297
"GET /api/app/emergency/ HTTP/1.1" 200 297
INFO:django.server:"GET /api/app/emergency/ HTTP/1.1" 200 297
"GET /api/app/emergency/ HTTP/1.1" 200 297
INFO:django.server:"GET /api/app/emergency/ HTTP/1.1" 200 297
"GET /api/app/emergency/ HTTP/1.1" 200 297
INFO:django.server:"GET /api/app/emergency/ HTTP/1.1" 200 297
"GET /api/app/emergency/ HTTP/1.1" 200 297
INFO:django.server:"GET /api/app/emergency/ HTTP/1.1" 200 297
"GET /api/app/emergency/ HTTP/1.1" 200 297
INFO:django.server:"GET /api/app/emergency/ HTTP/1.1" 200 297
"GET /api/app/emergency/ HTTP/1.1" 200 297
INFO:django.server:"GET /api/app/emergency/ HTTP/1.1" 200 297
"GET /api/app/emergency/ HTTP/1.1" 200 297
INFO:django.server:"GET /api/app/emergency/ HTTP/1.1" 200 297
"GET /api/app/emergency/ HTTP/1.1" 200 297
INFO:django.server:"GET /api/app/emergency/ HTTP/1.1" 200 297
"GET /api/app/emergency/ HTTP/1.1" 200 297
INFO:django.server:"GET /api/app/emergency/ HTTP/1.1" 200 297
"GET /api/app/emergency/ HTTP/1.1" 200 297
INFO:django.server:"GET /api/app/emergency/ HTTP/1.1" 200 297
"GET /api/app/emergency/ HTTP/1.1" 200 297
INFO:django.server:"GET /api/app/emergency/ HTTP/1.1" 200 297
"GET /api/app/emergency/ HTTP/1.1" 200 297
INFO:django.server:"GET /api/app/emergency/ HTTP/1.1" 200 297
"GET /api/app/emergency/ HTTP/1.1" 200 297
INFO:django.server:"GET /api/app/emergency/ HTTP/1.1" 200 297
"GET /api/app/emergency/ HTTP/1.1" 200 297
INFO:django.server:"GET /api/app/emergency/ HTTP/1.1" 200 297
"GET /api/app/emergency/ HTTP/1.1" 200 297
INFO:django.server:"GET /api/app/emergency/ HTTP/1.1" 200 297
"GET /api/app/emergency/ HTTP/1.1" 200 297
INFO:django.server:"GET /api/app/emergency/ HTTP/1.1" 200 297
"GET /api/app/emergency/ HTTP/1.1" 200 297
INFO:django.server:"GET /api/app/emergency/ HTTP/1.1" 200 297
"GET /api/app/emergency/ HTTP/1.1" 200 297
INFO:django.server:"GET /api/app/emergency/ HTTP/1.1" 200 297
"GET /api/app/emergency/ HTTP/1.1" 200 297
INFO:django.server:"GET /api/app/emergency/ HTTP/1.1" 200 297
"GET /api/app/emergency/ HTTP/1.1" 200 297
INFO:django.server:"GET /api/app/emergency/ HTTP/1.1" 200 297
"GET /api/app/emergency/ HTTP/1.1" 200 297
INFO:django.server:"GET /api/app/emergency/ HTTP/1.1" 200 297
"GET /api/app/emergency/ HTTP/1.1" 200 297
INFO:django.server:"GET /api/app/emergency/ HTTP/1.1" 200 297
"GET /api/app/emergency/ HTTP/1.1" 200 297
INFO:django.server:"GET /api/app/emergency/ HTTP/1.1" 200 297
"GET /api/app/emergency/ HTTP/1.1" 200 297
INFO:django.server:"GET /api/app/emergency/ HTTP/1.1" 200 297
"GET /api/app/emergency/ HTTP/1.1" 200 297
INFO:django.server:"GET /api/app/emergency/ HTTP/1.1" 200 297
"GET /api/app/emergency/ HTTP/1.1" 200 297
INFO:django.server:"GET /api/app/emergency/ HTTP/1.1" 200 297
"GET /api/app/emergency/ HTTP/1.1" 200 297
INFO:django.server:"GET /api/app/emergency/ HTTP/1.1" 200 297
"GET /api/app/emergency/ HTTP/1.1" 200 297
INFO:django.server:"GET /api/app/emergency/ HTTP/1.1" 200 297
"GET /api/app/emergency/ HTTP/1.1" 200 297
INFO:django.server:"GET /api/app/emergency/ HTTP/1.1" 200 297
"GET /api/app/emergency/ HTTP/1.1" 200 297
INFO:django.server:"GET /api/app/emergency/ HTTP/1.1" 200 297
"GET /api/agencies/name/a/1/ HTTP/1.1" 200 16488
INFO:django.server:"GET /api/agencies/name/a/1/ HTTP/1.1" 200 16488
"GET /api/agencies/name//1/ HTTP/1.1" 200 2835
INFO:django.server:"GET /api/agencies/name//1/ HTTP/1.1" 200 2835
"GET /api/agency/slug/aama-adelante-learning-center-4-test/ HTTP/1.1" 200 6020
INFO:django.server:"GET /api/agency/slug/aama-adelante-learning-center-4-test/ HTTP/1.1" 200 6020
"GET /api/app/emergency/ HTTP/1.1" 200 297
INFO:django.server:"GET /api/app/emergency/ HTTP/1.1" 200 297
"GET /api/app/emergency/ HTTP/1.1" 200 297
INFO:django.server:"GET /api/app/emergency/ HTTP/1.1" 200 297
"GET /api/app/emergency/ HTTP/1.1" 200 297
INFO:django.server:"GET /api/app/emergency/ HTTP/1.1" 200 297
"GET /api/app/emergency/ HTTP/1.1" 200 297
INFO:django.server:"GET /api/app/emergency/ HTTP/1.1" 200 297
"GET /api/app/emergency/ HTTP/1.1" 200 297
INFO:django.server:"GET /api/app/emergency/ HTTP/1.1" 200 297
"GET /api/app/emergency/ HTTP/1.1" 200 297
INFO:django.server:"GET /api/app/emergency/ HTTP/1.1" 200 297
"GET /api/app/emergency/ HTTP/1.1" 200 297
INFO:django.server:"GET /api/app/emergency/ HTTP/1.1" 200 297
"GET /api/agencies/name/a/1/ HTTP/1.1" 200 16488
INFO:django.server:"GET /api/agencies/name/a/1/ HTTP/1.1" 200 16488
"GET /api/agencies/name//1/ HTTP/1.1" 200 2835
INFO:django.server:"GET /api/agencies/name//1/ HTTP/1.1" 200 2835
"GET /api/agency/slug/aama-adelante-learning-center-4-test/ HTTP/1.1" 200 6020
INFO:django.server:"GET /api/agency/slug/aama-adelante-learning-center-4-test/ HTTP/1.1" 200 6020
"GET /api/search/?entity=program&serviceType[]=legal&zipCode=&walkInHours=0&adaAccessible=0&page=1&HILSCVerified=0 HTTP/1.1" 200 17865
INFO:django.server:"GET /api/search/?entity=program&serviceType[]=legal&zipCode=&walkInHours=0&adaAccessible=0&page=1&HILSCVerified=0 HTTP/1.1" 200 17865
"GET /api/app/emergency/ HTTP/1.1" 200 297
INFO:django.server:"GET /api/app/emergency/ HTTP/1.1" 200 297
"GET /api/agency/slug/aba-childrens-immigration-law-academy-aba-cila/ HTTP/1.1" 200 14191
INFO:django.server:"GET /api/agency/slug/aba-childrens-immigration-law-academy-aba-cila/ HTTP/1.1" 200 14191
"GET /api/app/emergency/ HTTP/1.1" 200 297
INFO:django.server:"GET /api/app/emergency/ HTTP/1.1" 200 297
"GET /api/agency/slug/aba-childrens-immigration-law-academy-aba-cila/ HTTP/1.1" 200 14191
INFO:django.server:"GET /api/agency/slug/aba-childrens-immigration-law-academy-aba-cila/ HTTP/1.1" 200 14191
"GET /api/app/emergency/ HTTP/1.1" 200 297
INFO:django.server:"GET /api/app/emergency/ HTTP/1.1" 200 297
"GET /api/app/emergency/ HTTP/1.1" 200 297
INFO:django.server:"GET /api/app/emergency/ HTTP/1.1" 200 297
"GET /api/agency/slug/aba-childrens-immigration-law-academy-aba-cila/ HTTP/1.1" 200 14191
INFO:django.server:"GET /api/agency/slug/aba-childrens-immigration-law-academy-aba-cila/ HTTP/1.1" 200 14191
"GET /api/app/emergency/ HTTP/1.1" 200 297
INFO:django.server:"GET /api/app/emergency/ HTTP/1.1" 200 297
"GET /api/app/emergency/ HTTP/1.1" 200 297
INFO:django.server:"GET /api/app/emergency/ HTTP/1.1" 200 297
"GET /api/agency/slug/aba-childrens-immigration-law-academy-aba-cila/ HTTP/1.1" 200 14191
INFO:django.server:"GET /api/agency/slug/aba-childrens-immigration-law-academy-aba-cila/ HTTP/1.1" 200 14191
"GET /api/app/emergency/ HTTP/1.1" 200 297
INFO:django.server:"GET /api/app/emergency/ HTTP/1.1" 200 297
"GET /api/app/emergency/ HTTP/1.1" 200 297
INFO:django.server:"GET /api/app/emergency/ HTTP/1.1" 200 297
"GET /api/agency/slug/aba-childrens-immigration-law-academy-aba-cila/ HTTP/1.1" 200 14191
INFO:django.server:"GET /api/agency/slug/aba-childrens-immigration-law-academy-aba-cila/ HTTP/1.1" 200 14191
"GET /api/app/emergency/ HTTP/1.1" 200 297
INFO:django.server:"GET /api/app/emergency/ HTTP/1.1" 200 297
"GET /api/app/emergency/ HTTP/1.1" 200 297
INFO:django.server:"GET /api/app/emergency/ HTTP/1.1" 200 297
"GET /api/app/emergency/ HTTP/1.1" 200 297
INFO:django.server:"GET /api/app/emergency/ HTTP/1.1" 200 297
"GET /api/agency/slug/aba-childrens-immigration-law-academy-aba-cila/ HTTP/1.1" 200 14191
INFO:django.server:"GET /api/agency/slug/aba-childrens-immigration-law-academy-aba-cila/ HTTP/1.1" 200 14191
"GET /api/app/emergency/ HTTP/1.1" 200 297
INFO:django.server:"GET /api/app/emergency/ HTTP/1.1" 200 297
"GET /api/agency/slug/aba-childrens-immigration-law-academy-aba-cila/ HTTP/1.1" 200 14191
INFO:django.server:"GET /api/agency/slug/aba-childrens-immigration-law-academy-aba-cila/ HTTP/1.1" 200 14191
"GET /api/app/emergency/ HTTP/1.1" 200 297
INFO:django.server:"GET /api/app/emergency/ HTTP/1.1" 200 297
"GET /api/app/emergency/ HTTP/1.1" 200 297
INFO:django.server:"GET /api/app/emergency/ HTTP/1.1" 200 297
"GET /api/agency/slug/aba-childrens-immigration-law-academy-aba-cila/ HTTP/1.1" 200 14191
INFO:django.server:"GET /api/agency/slug/aba-childrens-immigration-law-academy-aba-cila/ HTTP/1.1" 200 14191
"GET /api/app/emergency/ HTTP/1.1" 200 297
INFO:django.server:"GET /api/app/emergency/ HTTP/1.1" 200 297
"GET /api/agency/slug/aba-childrens-immigration-law-academy-aba-cila/ HTTP/1.1" 200 14191
INFO:django.server:"GET /api/agency/slug/aba-childrens-immigration-law-academy-aba-cila/ HTTP/1.1" 200 14191
"GET /api/app/emergency/ HTTP/1.1" 200 297
INFO:django.server:"GET /api/app/emergency/ HTTP/1.1" 200 297
"GET /api/app/emergency/ HTTP/1.1" 200 297
INFO:django.server:"GET /api/app/emergency/ HTTP/1.1" 200 297
"GET /api/app/emergency/ HTTP/1.1" 200 297
INFO:django.server:"GET /api/app/emergency/ HTTP/1.1" 200 297
"GET /api/agency/slug/aba-childrens-immigration-law-academy-aba-cila/ HTTP/1.1" 200 14191
INFO:django.server:"GET /api/agency/slug/aba-childrens-immigration-law-academy-aba-cila/ HTTP/1.1" 200 14191
"GET /api/app/emergency/ HTTP/1.1" 200 297
INFO:django.server:"GET /api/app/emergency/ HTTP/1.1" 200 297
"GET /api/app/emergency/ HTTP/1.1" 200 297
INFO:django.server:"GET /api/app/emergency/ HTTP/1.1" 200 297
"GET /api/agency/slug/aba-childrens-immigration-law-academy-aba-cila/ HTTP/1.1" 200 14191
INFO:django.server:"GET /api/agency/slug/aba-childrens-immigration-law-academy-aba-cila/ HTTP/1.1" 200 14191
"GET /api/app/emergency/ HTTP/1.1" 200 297
INFO:django.server:"GET /api/app/emergency/ HTTP/1.1" 200 297
"GET /api/app/emergency/ HTTP/1.1" 200 297
INFO:django.server:"GET /api/app/emergency/ HTTP/1.1" 200 297
"GET /api/agency/slug/aba-childrens-immigration-law-academy-aba-cila/ HTTP/1.1" 200 14191
INFO:django.server:"GET /api/agency/slug/aba-childrens-immigration-law-academy-aba-cila/ HTTP/1.1" 200 14191
"GET /api/app/emergency/ HTTP/1.1" 200 297
INFO:django.server:"GET /api/app/emergency/ HTTP/1.1" 200 297
"GET /api/app/emergency/ HTTP/1.1" 200 297
INFO:django.server:"GET /api/app/emergency/ HTTP/1.1" 200 297
"GET /api/agency/slug/aba-childrens-immigration-law-academy-aba-cila/ HTTP/1.1" 200 14191
INFO:django.server:"GET /api/agency/slug/aba-childrens-immigration-law-academy-aba-cila/ HTTP/1.1" 200 14191
"GET /api/app/emergency/ HTTP/1.1" 200 297
INFO:django.server:"GET /api/app/emergency/ HTTP/1.1" 200 297
"GET /api/app/emergency/ HTTP/1.1" 200 297
INFO:django.server:"GET /api/app/emergency/ HTTP/1.1" 200 297
"GET /api/app/emergency/ HTTP/1.1" 200 297
INFO:django.server:"GET /api/app/emergency/ HTTP/1.1" 200 297
"GET /api/agency/slug/aba-childrens-immigration-law-academy-aba-cila/ HTTP/1.1" 200 14191
INFO:django.server:"GET /api/agency/slug/aba-childrens-immigration-law-academy-aba-cila/ HTTP/1.1" 200 14191
"GET /api/app/emergency/ HTTP/1.1" 200 297
INFO:django.server:"GET /api/app/emergency/ HTTP/1.1" 200 297
"GET /api/agency/slug/aba-childrens-immigration-law-academy-aba-cila/ HTTP/1.1" 200 14191
INFO:django.server:"GET /api/agency/slug/aba-childrens-immigration-law-academy-aba-cila/ HTTP/1.1" 200 14191
"GET /api/app/emergency/ HTTP/1.1" 200 297
INFO:django.server:"GET /api/app/emergency/ HTTP/1.1" 200 297
"GET /api/app/emergency/ HTTP/1.1" 200 297
INFO:django.server:"GET /api/app/emergency/ HTTP/1.1" 200 297
"GET /api/app/emergency/ HTTP/1.1" 200 297
INFO:django.server:"GET /api/app/emergency/ HTTP/1.1" 200 297
"GET /api/agency/slug/aba-childrens-immigration-law-academy-aba-cila/ HTTP/1.1" 200 14191
INFO:django.server:"GET /api/agency/slug/aba-childrens-immigration-law-academy-aba-cila/ HTTP/1.1" 200 14191
"GET /api/app/emergency/ HTTP/1.1" 200 297
INFO:django.server:"GET /api/app/emergency/ HTTP/1.1" 200 297
"GET /api/app/emergency/ HTTP/1.1" 200 297
INFO:django.server:"GET /api/app/emergency/ HTTP/1.1" 200 297
"GET /api/agency/slug/aba-childrens-immigration-law-academy-aba-cila/ HTTP/1.1" 200 14191
INFO:django.server:"GET /api/agency/slug/aba-childrens-immigration-law-academy-aba-cila/ HTTP/1.1" 200 14191
"GET /api/app/emergency/ HTTP/1.1" 200 297
INFO:django.server:"GET /api/app/emergency/ HTTP/1.1" 200 297
"GET /api/agency/slug/aba-childrens-immigration-law-academy-aba-cila/ HTTP/1.1" 200 14191
INFO:django.server:"GET /api/agency/slug/aba-childrens-immigration-law-academy-aba-cila/ HTTP/1.1" 200 14191
"GET /api/app/emergency/ HTTP/1.1" 200 297
INFO:django.server:"GET /api/app/emergency/ HTTP/1.1" 200 297
"GET /api/app/emergency/ HTTP/1.1" 200 297
INFO:django.server:"GET /api/app/emergency/ HTTP/1.1" 200 297
"GET /api/agency/slug/aba-childrens-immigration-law-academy-aba-cila/ HTTP/1.1" 200 14191
INFO:django.server:"GET /api/agency/slug/aba-childrens-immigration-law-academy-aba-cila/ HTTP/1.1" 200 14191
"GET /api/app/emergency/ HTTP/1.1" 200 297
INFO:django.server:"GET /api/app/emergency/ HTTP/1.1" 200 297
"GET /api/app/emergency/ HTTP/1.1" 200 297
INFO:django.server:"GET /api/app/emergency/ HTTP/1.1" 200 297
"GET /api/agency/slug/aba-childrens-immigration-law-academy-aba-cila/ HTTP/1.1" 200 14191
INFO:django.server:"GET /api/agency/slug/aba-childrens-immigration-law-academy-aba-cila/ HTTP/1.1" 200 14191
"GET /api/app/emergency/ HTTP/1.1" 200 297
INFO:django.server:"GET /api/app/emergency/ HTTP/1.1" 200 297
"GET /api/app/emergency/ HTTP/1.1" 200 297
INFO:django.server:"GET /api/app/emergency/ HTTP/1.1" 200 297
"GET /api/agency/slug/aba-childrens-immigration-law-academy-aba-cila/ HTTP/1.1" 200 14191
INFO:django.server:"GET /api/agency/slug/aba-childrens-immigration-law-academy-aba-cila/ HTTP/1.1" 200 14191
"GET /api/app/emergency/ HTTP/1.1" 200 297
INFO:django.server:"GET /api/app/emergency/ HTTP/1.1" 200 297
"GET /api/app/emergency/ HTTP/1.1" 200 297
INFO:django.server:"GET /api/app/emergency/ HTTP/1.1" 200 297
"GET /api/agency/slug/aba-childrens-immigration-law-academy-aba-cila/ HTTP/1.1" 200 14191
INFO:django.server:"GET /api/agency/slug/aba-childrens-immigration-law-academy-aba-cila/ HTTP/1.1" 200 14191
"GET /api/app/emergency/ HTTP/1.1" 200 297
INFO:django.server:"GET /api/app/emergency/ HTTP/1.1" 200 297
"GET /api/app/emergency/ HTTP/1.1" 200 297
INFO:django.server:"GET /api/app/emergency/ HTTP/1.1" 200 297
"GET /api/agency/slug/aba-childrens-immigration-law-academy-aba-cila/ HTTP/1.1" 200 14191
INFO:django.server:"GET /api/agency/slug/aba-childrens-immigration-law-academy-aba-cila/ HTTP/1.1" 200 14191
"GET /api/program/slug/webinars-trainings-and-working-groups/573/ HTTP/1.1" 200 2890
INFO:django.server:"GET /api/program/slug/webinars-trainings-and-working-groups/573/ HTTP/1.1" 200 2890
"GET /api/app/emergency/ HTTP/1.1" 200 297
INFO:django.server:"GET /api/app/emergency/ HTTP/1.1" 200 297
"GET /api/program/slug/webinars-trainings-and-working-groups/573/ HTTP/1.1" 200 2890
INFO:django.server:"GET /api/program/slug/webinars-trainings-and-working-groups/573/ HTTP/1.1" 200 2890
"GET /api/app/emergency/ HTTP/1.1" 200 297
INFO:django.server:"GET /api/app/emergency/ HTTP/1.1" 200 297
"GET /api/app/emergency/ HTTP/1.1" 200 297
INFO:django.server:"GET /api/app/emergency/ HTTP/1.1" 200 297
"GET /api/program/slug/webinars-trainings-and-working-groups/573/ HTTP/1.1" 200 2890
INFO:django.server:"GET /api/program/slug/webinars-trainings-and-working-groups/573/ HTTP/1.1" 200 2890
"GET /api/app/emergency/ HTTP/1.1" 200 297
INFO:django.server:"GET /api/app/emergency/ HTTP/1.1" 200 297
"GET /api/app/emergency/ HTTP/1.1" 200 297
INFO:django.server:"GET /api/app/emergency/ HTTP/1.1" 200 297
"GET /api/program/slug/webinars-trainings-and-working-groups/573/ HTTP/1.1" 200 2890
INFO:django.server:"GET /api/program/slug/webinars-trainings-and-working-groups/573/ HTTP/1.1" 200 2890
"GET /api/app/emergency/ HTTP/1.1" 200 297
INFO:django.server:"GET /api/app/emergency/ HTTP/1.1" 200 297
"GET /api/app/emergency/ HTTP/1.1" 200 297
INFO:django.server:"GET /api/app/emergency/ HTTP/1.1" 200 297
"GET /api/program/slug/webinars-trainings-and-working-groups/573/ HTTP/1.1" 200 2890
INFO:django.server:"GET /api/program/slug/webinars-trainings-and-working-groups/573/ HTTP/1.1" 200 2890
"GET /api/search/?zipCode=&walkInHours=0&adaAccessible=0&page=1&HILSCVerified=0 HTTP/1.1" 200 400
INFO:django.server:"GET /api/search/?zipCode=&walkInHours=0&adaAccessible=0&page=1&HILSCVerified=0 HTTP/1.1" 200 400
"GET /api/program/slug/webinars-trainings-and-working-groups/573/ HTTP/1.1" 200 2890
INFO:django.server:"GET /api/program/slug/webinars-trainings-and-working-groups/573/ HTTP/1.1" 200 2890
/Users/mike/Dropbox/Projects/accesshou/dev-accesshou/api/migrations/0001_initial.py changed, reloading.
INFO:django.utils.autoreload:/Users/mike/Dropbox/Projects/accesshou/dev-accesshou/api/migrations/0001_initial.py changed, reloading.
Watching for file changes with StatReloader
/Users/mike/Dropbox/Projects/accesshou/dev-accesshou/api/migrations/0035_auto_20200420_2127.py changed, reloading.
INFO:django.utils.autoreload:/Users/mike/Dropbox/Projects/accesshou/dev-accesshou/api/migrations/0035_auto_20200420_2127.py changed, reloading.
Watching for file changes with StatReloader
"GET /api/app/emergency/ HTTP/1.1" 200 297
INFO:django.server:"GET /api/app/emergency/ HTTP/1.1" 200 297
"GET /api/program/slug/webinars-trainings-and-working-groups/573/ HTTP/1.1" 200 2890
INFO:django.server:"GET /api/program/slug/webinars-trainings-and-working-groups/573/ HTTP/1.1" 200 2890
"GET /api/app/emergency/ HTTP/1.1" 200 297
INFO:django.server:"GET /api/app/emergency/ HTTP/1.1" 200 297
"GET /api/app/emergency/ HTTP/1.1" 200 297
INFO:django.server:"GET /api/app/emergency/ HTTP/1.1" 200 297
"GET /api/app/emergency/ HTTP/1.1" 200 297
INFO:django.server:"GET /api/app/emergency/ HTTP/1.1" 200 297
"GET /api/app/emergency/ HTTP/1.1" 200 297
INFO:django.server:"GET /api/app/emergency/ HTTP/1.1" 200 297
"GET /api/program/slug/webinars-trainings-and-working-groups/573/ HTTP/1.1" 200 2890
INFO:django.server:"GET /api/program/slug/webinars-trainings-and-working-groups/573/ HTTP/1.1" 200 2890
"GET /api/app/emergency/ HTTP/1.1" 200 297
INFO:django.server:"GET /api/app/emergency/ HTTP/1.1" 200 297
"GET /api/app/emergency/ HTTP/1.1" 200 297
INFO:django.server:"GET /api/app/emergency/ HTTP/1.1" 200 297
"GET /api/app/emergency/ HTTP/1.1" 200 297
INFO:django.server:"GET /api/app/emergency/ HTTP/1.1" 200 297
"GET /api/program/slug/webinars-trainings-and-working-groups/573/ HTTP/1.1" 200 2890
INFO:django.server:"GET /api/program/slug/webinars-trainings-and-working-groups/573/ HTTP/1.1" 200 2890
"GET /api/app/emergency/ HTTP/1.1" 200 297
INFO:django.server:"GET /api/app/emergency/ HTTP/1.1" 200 297
"GET /api/app/emergency/ HTTP/1.1" 200 297
INFO:django.server:"GET /api/app/emergency/ HTTP/1.1" 200 297
"GET /api/program/slug/webinars-trainings-and-working-groups/573/ HTTP/1.1" 200 2890
INFO:django.server:"GET /api/program/slug/webinars-trainings-and-working-groups/573/ HTTP/1.1" 200 2890
"GET /api/app/emergency/ HTTP/1.1" 200 297
INFO:django.server:"GET /api/app/emergency/ HTTP/1.1" 200 297
"GET /api/app/emergency/ HTTP/1.1" 200 297
INFO:django.server:"GET /api/app/emergency/ HTTP/1.1" 200 297
"GET /api/program/slug/webinars-trainings-and-working-groups/573/ HTTP/1.1" 200 2890
INFO:django.server:"GET /api/program/slug/webinars-trainings-and-working-groups/573/ HTTP/1.1" 200 2890
"GET /api/app/emergency/ HTTP/1.1" 200 297
INFO:django.server:"GET /api/app/emergency/ HTTP/1.1" 200 297
"GET /api/app/emergency/ HTTP/1.1" 200 297
INFO:django.server:"GET /api/app/emergency/ HTTP/1.1" 200 297
"GET /api/program/slug/webinars-trainings-and-working-groups/573/ HTTP/1.1" 200 2890
INFO:django.server:"GET /api/program/slug/webinars-trainings-and-working-groups/573/ HTTP/1.1" 200 2890
"GET /api/app/emergency/ HTTP/1.1" 200 297
INFO:django.server:"GET /api/app/emergency/ HTTP/1.1" 200 297
"GET /api/app/emergency/ HTTP/1.1" 200 297
INFO:django.server:"GET /api/app/emergency/ HTTP/1.1" 200 297
"GET /api/program/slug/webinars-trainings-and-working-groups/573/ HTTP/1.1" 200 2890
INFO:django.server:"GET /api/program/slug/webinars-trainings-and-working-groups/573/ HTTP/1.1" 200 2890
"GET /api/app/emergency/ HTTP/1.1" 200 297
INFO:django.server:"GET /api/app/emergency/ HTTP/1.1" 200 297
"GET /api/program/slug/webinars-trainings-and-working-groups/573/ HTTP/1.1" 200 2890
INFO:django.server:"GET /api/program/slug/webinars-trainings-and-working-groups/573/ HTTP/1.1" 200 2890
"GET /api/app/emergency/ HTTP/1.1" 200 297
INFO:django.server:"GET /api/app/emergency/ HTTP/1.1" 200 297
"GET /api/app/emergency/ HTTP/1.1" 200 297
INFO:django.server:"GET /api/app/emergency/ HTTP/1.1" 200 297
"GET /api/app/emergency/ HTTP/1.1" 200 297
INFO:django.server:"GET /api/app/emergency/ HTTP/1.1" 200 297
"GET /api/program/slug/webinars-trainings-and-working-groups/573/ HTTP/1.1" 200 2890
INFO:django.server:"GET /api/program/slug/webinars-trainings-and-working-groups/573/ HTTP/1.1" 200 2890
"GET /api/app/emergency/ HTTP/1.1" 200 297
INFO:django.server:"GET /api/app/emergency/ HTTP/1.1" 200 297
"GET /api/app/emergency/ HTTP/1.1" 200 297
INFO:django.server:"GET /api/app/emergency/ HTTP/1.1" 200 297
"GET /api/program/slug/webinars-trainings-and-working-groups/573/ HTTP/1.1" 200 2890
INFO:django.server:"GET /api/program/slug/webinars-trainings-and-working-groups/573/ HTTP/1.1" 200 2890
"GET /api/app/emergency/ HTTP/1.1" 200 297
INFO:django.server:"GET /api/app/emergency/ HTTP/1.1" 200 297
"GET /api/app/emergency/ HTTP/1.1" 200 297
INFO:django.server:"GET /api/app/emergency/ HTTP/1.1" 200 297
"GET /api/program/slug/webinars-trainings-and-working-groups/573/ HTTP/1.1" 200 2890
INFO:django.server:"GET /api/program/slug/webinars-trainings-and-working-groups/573/ HTTP/1.1" 200 2890
"GET /api/app/emergency/ HTTP/1.1" 200 297
INFO:django.server:"GET /api/app/emergency/ HTTP/1.1" 200 297
"GET /api/app/emergency/ HTTP/1.1" 200 297
INFO:django.server:"GET /api/app/emergency/ HTTP/1.1" 200 297
"GET /api/program/slug/webinars-trainings-and-working-groups/573/ HTTP/1.1" 200 2890
INFO:django.server:"GET /api/program/slug/webinars-trainings-and-working-groups/573/ HTTP/1.1" 200 2890
"GET /api/app/emergency/ HTTP/1.1" 200 297
INFO:django.server:"GET /api/app/emergency/ HTTP/1.1" 200 297
"GET /api/app/emergency/ HTTP/1.1" 200 297
INFO:django.server:"GET /api/app/emergency/ HTTP/1.1" 200 297
"GET /api/program/slug/webinars-trainings-and-working-groups/573/ HTTP/1.1" 200 2890
INFO:django.server:"GET /api/program/slug/webinars-trainings-and-working-groups/573/ HTTP/1.1" 200 2890
"GET /api/app/emergency/ HTTP/1.1" 200 297
INFO:django.server:"GET /api/app/emergency/ HTTP/1.1" 200 297
"GET /api/app/emergency/ HTTP/1.1" 200 297
INFO:django.server:"GET /api/app/emergency/ HTTP/1.1" 200 297
"GET /api/program/slug/webinars-trainings-and-working-groups/573/ HTTP/1.1" 200 2890
INFO:django.server:"GET /api/program/slug/webinars-trainings-and-working-groups/573/ HTTP/1.1" 200 2890
"GET /api/app/emergency/ HTTP/1.1" 200 297
INFO:django.server:"GET /api/app/emergency/ HTTP/1.1" 200 297
"GET /api/app/emergency/ HTTP/1.1" 200 297
INFO:django.server:"GET /api/app/emergency/ HTTP/1.1" 200 297
"GET /api/program/slug/webinars-trainings-and-working-groups/573/ HTTP/1.1" 200 2890
INFO:django.server:"GET /api/program/slug/webinars-trainings-and-working-groups/573/ HTTP/1.1" 200 2890
"GET /api/app/emergency/ HTTP/1.1" 200 297
INFO:django.server:"GET /api/app/emergency/ HTTP/1.1" 200 297
"GET /api/program/slug/webinars-trainings-and-working-groups/573/ HTTP/1.1" 200 2890
INFO:django.server:"GET /api/program/slug/webinars-trainings-and-working-groups/573/ HTTP/1.1" 200 2890
"GET /api/app/emergency/ HTTP/1.1" 200 297
INFO:django.server:"GET /api/app/emergency/ HTTP/1.1" 200 297
"GET /api/app/emergency/ HTTP/1.1" 200 297
INFO:django.server:"GET /api/app/emergency/ HTTP/1.1" 200 297
"GET /api/program/slug/webinars-trainings-and-working-groups/573/ HTTP/1.1" 200 2890
INFO:django.server:"GET /api/program/slug/webinars-trainings-and-working-groups/573/ HTTP/1.1" 200 2890
"GET /api/app/emergency/ HTTP/1.1" 200 297
INFO:django.server:"GET /api/app/emergency/ HTTP/1.1" 200 297
"GET /api/app/emergency/ HTTP/1.1" 200 297
INFO:django.server:"GET /api/app/emergency/ HTTP/1.1" 200 297
"GET /api/program/slug/webinars-trainings-and-working-groups/573/ HTTP/1.1" 200 2890
INFO:django.server:"GET /api/program/slug/webinars-trainings-and-working-groups/573/ HTTP/1.1" 200 2890
"GET /api/app/emergency/ HTTP/1.1" 200 297
INFO:django.server:"GET /api/app/emergency/ HTTP/1.1" 200 297
"GET /api/app/emergency/ HTTP/1.1" 200 297
INFO:django.server:"GET /api/app/emergency/ HTTP/1.1" 200 297
"GET /api/program/slug/webinars-trainings-and-working-groups/573/ HTTP/1.1" 200 2890
INFO:django.server:"GET /api/program/slug/webinars-trainings-and-working-groups/573/ HTTP/1.1" 200 2890
"GET /api/app/emergency/ HTTP/1.1" 200 297
INFO:django.server:"GET /api/app/emergency/ HTTP/1.1" 200 297
"GET /api/app/emergency/ HTTP/1.1" 200 297
INFO:django.server:"GET /api/app/emergency/ HTTP/1.1" 200 297
"GET /api/app/emergency/ HTTP/1.1" 200 297
INFO:django.server:"GET /api/app/emergency/ HTTP/1.1" 200 297
"GET /api/program/slug/webinars-trainings-and-working-groups/573/ HTTP/1.1" 200 2890
INFO:django.server:"GET /api/program/slug/webinars-trainings-and-working-groups/573/ HTTP/1.1" 200 2890
"GET /api/app/emergency/ HTTP/1.1" 200 297
INFO:django.server:"GET /api/app/emergency/ HTTP/1.1" 200 297
"GET /api/app/emergency/ HTTP/1.1" 200 297
INFO:django.server:"GET /api/app/emergency/ HTTP/1.1" 200 297
"GET /api/program/slug/webinars-trainings-and-working-groups/573/ HTTP/1.1" 200 2890
INFO:django.server:"GET /api/program/slug/webinars-trainings-and-working-groups/573/ HTTP/1.1" 200 2890
"GET /api/app/emergency/ HTTP/1.1" 200 297
INFO:django.server:"GET /api/app/emergency/ HTTP/1.1" 200 297
"GET /api/app/emergency/ HTTP/1.1" 200 297
INFO:django.server:"GET /api/app/emergency/ HTTP/1.1" 200 297
"GET /api/program/slug/webinars-trainings-and-working-groups/573/ HTTP/1.1" 200 2890
INFO:django.server:"GET /api/program/slug/webinars-trainings-and-working-groups/573/ HTTP/1.1" 200 2890
"GET /api/app/emergency/ HTTP/1.1" 200 297
INFO:django.server:"GET /api/app/emergency/ HTTP/1.1" 200 297
"GET /api/app/emergency/ HTTP/1.1" 200 297
INFO:django.server:"GET /api/app/emergency/ HTTP/1.1" 200 297
"GET /api/program/slug/webinars-trainings-and-working-groups/573/ HTTP/1.1" 200 2890
INFO:django.server:"GET /api/program/slug/webinars-trainings-and-working-groups/573/ HTTP/1.1" 200 2890
"GET /api/app/emergency/ HTTP/1.1" 200 297
INFO:django.server:"GET /api/app/emergency/ HTTP/1.1" 200 297
"GET /api/app/emergency/ HTTP/1.1" 200 297
INFO:django.server:"GET /api/app/emergency/ HTTP/1.1" 200 297
"GET /api/program/slug/webinars-trainings-and-working-groups/573/ HTTP/1.1" 200 2890
INFO:django.server:"GET /api/program/slug/webinars-trainings-and-working-groups/573/ HTTP/1.1" 200 2890
"GET /api/app/emergency/ HTTP/1.1" 200 297
INFO:django.server:"GET /api/app/emergency/ HTTP/1.1" 200 297
"GET /api/app/emergency/ HTTP/1.1" 200 297
INFO:django.server:"GET /api/app/emergency/ HTTP/1.1" 200 297
"GET /api/program/slug/webinars-trainings-and-working-groups/573/ HTTP/1.1" 200 2890
INFO:django.server:"GET /api/program/slug/webinars-trainings-and-working-groups/573/ HTTP/1.1" 200 2890
"GET /api/app/emergency/ HTTP/1.1" 200 297
INFO:django.server:"GET /api/app/emergency/ HTTP/1.1" 200 297
"GET /api/app/emergency/ HTTP/1.1" 200 297
INFO:django.server:"GET /api/app/emergency/ HTTP/1.1" 200 297
"GET /api/program/slug/webinars-trainings-and-working-groups/573/ HTTP/1.1" 200 2890
INFO:django.server:"GET /api/program/slug/webinars-trainings-and-working-groups/573/ HTTP/1.1" 200 2890
"GET /api/app/emergency/ HTTP/1.1" 200 297
INFO:django.server:"GET /api/app/emergency/ HTTP/1.1" 200 297
"GET /api/app/emergency/ HTTP/1.1" 200 297
INFO:django.server:"GET /api/app/emergency/ HTTP/1.1" 200 297
"GET /api/app/emergency/ HTTP/1.1" 200 297
INFO:django.server:"GET /api/app/emergency/ HTTP/1.1" 200 297
"GET /api/program/slug/webinars-trainings-and-working-groups/573/ HTTP/1.1" 200 2890
INFO:django.server:"GET /api/program/slug/webinars-trainings-and-working-groups/573/ HTTP/1.1" 200 2890
"GET /api/app/emergency/ HTTP/1.1" 200 297
INFO:django.server:"GET /api/app/emergency/ HTTP/1.1" 200 297
"GET /api/app/emergency/ HTTP/1.1" 200 297
INFO:django.server:"GET /api/app/emergency/ HTTP/1.1" 200 297
"GET /api/program/slug/webinars-trainings-and-working-groups/573/ HTTP/1.1" 200 2890
INFO:django.server:"GET /api/program/slug/webinars-trainings-and-working-groups/573/ HTTP/1.1" 200 2890
"GET /api/app/emergency/ HTTP/1.1" 200 297
INFO:django.server:"GET /api/app/emergency/ HTTP/1.1" 200 297
"GET /api/app/emergency/ HTTP/1.1" 200 297
INFO:django.server:"GET /api/app/emergency/ HTTP/1.1" 200 297
"GET /api/program/slug/webinars-trainings-and-working-groups/573/ HTTP/1.1" 200 2890
INFO:django.server:"GET /api/program/slug/webinars-trainings-and-working-groups/573/ HTTP/1.1" 200 2890
"GET /api/app/emergency/ HTTP/1.1" 200 297
INFO:django.server:"GET /api/app/emergency/ HTTP/1.1" 200 297
"GET /api/app/emergency/ HTTP/1.1" 200 297
INFO:django.server:"GET /api/app/emergency/ HTTP/1.1" 200 297
"GET /api/app/emergency/ HTTP/1.1" 200 297
INFO:django.server:"GET /api/app/emergency/ HTTP/1.1" 200 297
"GET /api/app/emergency/ HTTP/1.1" 200 297
INFO:django.server:"GET /api/app/emergency/ HTTP/1.1" 200 297
"GET /api/app/emergency/ HTTP/1.1" 200 297
INFO:django.server:"GET /api/app/emergency/ HTTP/1.1" 200 297
"GET /api/app/emergency/ HTTP/1.1" 200 297
INFO:django.server:"GET /api/app/emergency/ HTTP/1.1" 200 297
"GET /api/app/emergency/ HTTP/1.1" 200 297
INFO:django.server:"GET /api/app/emergency/ HTTP/1.1" 200 297
"GET /api/app/emergency/ HTTP/1.1" 200 297
INFO:django.server:"GET /api/app/emergency/ HTTP/1.1" 200 297
"GET /api/app/emergency/ HTTP/1.1" 200 297
INFO:django.server:"GET /api/app/emergency/ HTTP/1.1" 200 297
"GET /api/app/emergency/ HTTP/1.1" 200 297
INFO:django.server:"GET /api/app/emergency/ HTTP/1.1" 200 297
"GET /api/program/slug/webinars-trainings-and-working-groups/573/ HTTP/1.1" 200 2890
INFO:django.server:"GET /api/program/slug/webinars-trainings-and-working-groups/573/ HTTP/1.1" 200 2890
"GET /api/app/emergency/ HTTP/1.1" 200 297
INFO:django.server:"GET /api/app/emergency/ HTTP/1.1" 200 297
"GET /api/app/emergency/ HTTP/1.1" 200 297
INFO:django.server:"GET /api/app/emergency/ HTTP/1.1" 200 297
"GET /api/program/slug/webinars-trainings-and-working-groups/573/ HTTP/1.1" 200 2890
INFO:django.server:"GET /api/program/slug/webinars-trainings-and-working-groups/573/ HTTP/1.1" 200 2890
"GET /api/app/emergency/ HTTP/1.1" 200 297
INFO:django.server:"GET /api/app/emergency/ HTTP/1.1" 200 297
"GET /api/app/emergency/ HTTP/1.1" 200 297
INFO:django.server:"GET /api/app/emergency/ HTTP/1.1" 200 297
"GET /api/agencies/map HTTP/1.1" 200 262354
INFO:django.server:"GET /api/agencies/map HTTP/1.1" 200 262354
"GET /api/agencies/map HTTP/1.1" 200 262354
INFO:django.server:"GET /api/agencies/map HTTP/1.1" 200 262354
"GET /api/app/emergency/ HTTP/1.1" 200 297
INFO:django.server:"GET /api/app/emergency/ HTTP/1.1" 200 297
"GET /api/agencies/map HTTP/1.1" 200 262354
INFO:django.server:"GET /api/agencies/map HTTP/1.1" 200 262354
"GET /api/agencies/map HTTP/1.1" 200 262354
INFO:django.server:"GET /api/agencies/map HTTP/1.1" 200 262354
"GET /api/app/emergency/ HTTP/1.1" 200 297
INFO:django.server:"GET /api/app/emergency/ HTTP/1.1" 200 297
"GET /api/program/slug/webinars-trainings-and-working-groups/573/ HTTP/1.1" 200 2890
INFO:django.server:"GET /api/program/slug/webinars-trainings-and-working-groups/573/ HTTP/1.1" 200 2890
"GET /api/app/emergency/ HTTP/1.1" 200 297
INFO:django.server:"GET /api/app/emergency/ HTTP/1.1" 200 297
"GET /api/agencies/map HTTP/1.1" 200 262354
INFO:django.server:"GET /api/agencies/map HTTP/1.1" 200 262354
"GET /api/agencies/map HTTP/1.1" 200 262354
INFO:django.server:"GET /api/agencies/map HTTP/1.1" 200 262354
"GET /api/app/emergency/ HTTP/1.1" 200 297
INFO:django.server:"GET /api/app/emergency/ HTTP/1.1" 200 297
"GET /api/program/slug/webinars-trainings-and-working-groups/573/ HTTP/1.1" 200 2890
INFO:django.server:"GET /api/program/slug/webinars-trainings-and-working-groups/573/ HTTP/1.1" 200 2890
"GET /api/app/emergency/ HTTP/1.1" 200 297
INFO:django.server:"GET /api/app/emergency/ HTTP/1.1" 200 297
"GET /api/agencies/map HTTP/1.1" 200 262354
INFO:django.server:"GET /api/agencies/map HTTP/1.1" 200 262354
"GET /api/app/emergency/ HTTP/1.1" 200 297
INFO:django.server:"GET /api/app/emergency/ HTTP/1.1" 200 297
"GET /api/program/slug/webinars-trainings-and-working-groups/573/ HTTP/1.1" 200 2890
INFO:django.server:"GET /api/program/slug/webinars-trainings-and-working-groups/573/ HTTP/1.1" 200 2890
"GET /api/app/emergency/ HTTP/1.1" 200 297
INFO:django.server:"GET /api/app/emergency/ HTTP/1.1" 200 297
"GET /api/agencies/map HTTP/1.1" 200 262354
INFO:django.server:"GET /api/agencies/map HTTP/1.1" 200 262354
"GET /api/agencies/map HTTP/1.1" 200 262354
INFO:django.server:"GET /api/agencies/map HTTP/1.1" 200 262354
"GET /api/app/emergency/ HTTP/1.1" 200 297
INFO:django.server:"GET /api/app/emergency/ HTTP/1.1" 200 297
"GET /api/program/slug/webinars-trainings-and-working-groups/573/ HTTP/1.1" 200 2890
INFO:django.server:"GET /api/program/slug/webinars-trainings-and-working-groups/573/ HTTP/1.1" 200 2890
"GET /api/app/emergency/ HTTP/1.1" 200 297
INFO:django.server:"GET /api/app/emergency/ HTTP/1.1" 200 297
"GET /api/agencies/map HTTP/1.1" 200 262354
INFO:django.server:"GET /api/agencies/map HTTP/1.1" 200 262354
"GET /api/agencies/map HTTP/1.1" 200 262354
INFO:django.server:"GET /api/agencies/map HTTP/1.1" 200 262354
"GET /api/app/emergency/ HTTP/1.1" 200 297
INFO:django.server:"GET /api/app/emergency/ HTTP/1.1" 200 297
"GET /api/agencies/map HTTP/1.1" 200 262354
INFO:django.server:"GET /api/agencies/map HTTP/1.1" 200 262354
"GET /api/agencies/map HTTP/1.1" 200 262354
INFO:django.server:"GET /api/agencies/map HTTP/1.1" 200 262354
"GET /api/app/emergency/ HTTP/1.1" 200 297
INFO:django.server:"GET /api/app/emergency/ HTTP/1.1" 200 297
"GET /api/program/slug/webinars-trainings-and-working-groups/573/ HTTP/1.1" 200 2890
INFO:django.server:"GET /api/program/slug/webinars-trainings-and-working-groups/573/ HTTP/1.1" 200 2890
"GET /api/app/emergency/ HTTP/1.1" 200 297
INFO:django.server:"GET /api/app/emergency/ HTTP/1.1" 200 297
"GET /api/agencies/map HTTP/1.1" 200 262354
INFO:django.server:"GET /api/agencies/map HTTP/1.1" 200 262354
"GET /api/agencies/map HTTP/1.1" 200 262354
INFO:django.server:"GET /api/agencies/map HTTP/1.1" 200 262354
"GET /api/app/emergency/ HTTP/1.1" 200 297
INFO:django.server:"GET /api/app/emergency/ HTTP/1.1" 200 297
"GET /api/app/emergency/ HTTP/1.1" 200 297
INFO:django.server:"GET /api/app/emergency/ HTTP/1.1" 200 297
"GET /api/program/slug/webinars-trainings-and-working-groups/573/ HTTP/1.1" 200 2890
INFO:django.server:"GET /api/program/slug/webinars-trainings-and-working-groups/573/ HTTP/1.1" 200 2890
"GET /api/agencies/map HTTP/1.1" 200 262354
INFO:django.server:"GET /api/agencies/map HTTP/1.1" 200 262354
"GET /api/agencies/map HTTP/1.1" 200 262354
INFO:django.server:"GET /api/agencies/map HTTP/1.1" 200 262354
"GET /api/app/emergency/ HTTP/1.1" 200 297
INFO:django.server:"GET /api/app/emergency/ HTTP/1.1" 200 297
"GET /api/program/slug/webinars-trainings-and-working-groups/573/ HTTP/1.1" 200 2890
INFO:django.server:"GET /api/program/slug/webinars-trainings-and-working-groups/573/ HTTP/1.1" 200 2890
"GET /api/app/emergency/ HTTP/1.1" 200 297
INFO:django.server:"GET /api/app/emergency/ HTTP/1.1" 200 297
"GET /api/agencies/map HTTP/1.1" 200 262354
INFO:django.server:"GET /api/agencies/map HTTP/1.1" 200 262354
"GET /api/agencies/map HTTP/1.1" 200 262354
INFO:django.server:"GET /api/agencies/map HTTP/1.1" 200 262354
"GET /api/app/emergency/ HTTP/1.1" 200 297
INFO:django.server:"GET /api/app/emergency/ HTTP/1.1" 200 297
"GET /api/program/slug/webinars-trainings-and-working-groups/573/ HTTP/1.1" 200 2890
INFO:django.server:"GET /api/program/slug/webinars-trainings-and-working-groups/573/ HTTP/1.1" 200 2890
"GET /api/app/emergency/ HTTP/1.1" 200 297
INFO:django.server:"GET /api/app/emergency/ HTTP/1.1" 200 297
"GET /api/agencies/map HTTP/1.1" 200 262354
INFO:django.server:"GET /api/agencies/map HTTP/1.1" 200 262354
"GET /api/agencies/map HTTP/1.1" 200 262354
INFO:django.server:"GET /api/agencies/map HTTP/1.1" 200 262354
"GET /api/app/emergency/ HTTP/1.1" 200 297
INFO:django.server:"GET /api/app/emergency/ HTTP/1.1" 200 297
"GET /api/program/slug/webinars-trainings-and-working-groups/573/ HTTP/1.1" 200 2890
INFO:django.server:"GET /api/program/slug/webinars-trainings-and-working-groups/573/ HTTP/1.1" 200 2890
"GET /api/app/emergency/ HTTP/1.1" 200 297
INFO:django.server:"GET /api/app/emergency/ HTTP/1.1" 200 297
"GET /api/agencies/map HTTP/1.1" 200 262354
INFO:django.server:"GET /api/agencies/map HTTP/1.1" 200 262354
"GET /api/agencies/map HTTP/1.1" 200 262354
INFO:django.server:"GET /api/agencies/map HTTP/1.1" 200 262354
"GET /api/app/emergency/ HTTP/1.1" 200 297
INFO:django.server:"GET /api/app/emergency/ HTTP/1.1" 200 297
"GET /api/program/slug/webinars-trainings-and-working-groups/573/ HTTP/1.1" 200 2890
INFO:django.server:"GET /api/program/slug/webinars-trainings-and-working-groups/573/ HTTP/1.1" 200 2890
"GET /api/app/emergency/ HTTP/1.1" 200 297
INFO:django.server:"GET /api/app/emergency/ HTTP/1.1" 200 297
"GET /api/agencies/map HTTP/1.1" 200 262354
INFO:django.server:"GET /api/agencies/map HTTP/1.1" 200 262354
"GET /api/agencies/map HTTP/1.1" 200 262354
INFO:django.server:"GET /api/agencies/map HTTP/1.1" 200 262354
"GET /api/app/emergency/ HTTP/1.1" 200 297
INFO:django.server:"GET /api/app/emergency/ HTTP/1.1" 200 297
"GET /api/app/emergency/ HTTP/1.1" 200 297
INFO:django.server:"GET /api/app/emergency/ HTTP/1.1" 200 297
"GET /api/program/slug/webinars-trainings-and-working-groups/573/ HTTP/1.1" 200 2890
INFO:django.server:"GET /api/program/slug/webinars-trainings-and-working-groups/573/ HTTP/1.1" 200 2890
"GET /api/agencies/map HTTP/1.1" 200 262354
INFO:django.server:"GET /api/agencies/map HTTP/1.1" 200 262354
"GET /api/agencies/map HTTP/1.1" 200 262354
INFO:django.server:"GET /api/agencies/map HTTP/1.1" 200 262354
"GET /api/app/emergency/ HTTP/1.1" 200 297
INFO:django.server:"GET /api/app/emergency/ HTTP/1.1" 200 297
"GET /api/agencies/map HTTP/1.1" 200 262354
INFO:django.server:"GET /api/agencies/map HTTP/1.1" 200 262354
"GET /api/agencies/map HTTP/1.1" 200 262354
INFO:django.server:"GET /api/agencies/map HTTP/1.1" 200 262354
"GET /api/app/emergency/ HTTP/1.1" 200 297
INFO:django.server:"GET /api/app/emergency/ HTTP/1.1" 200 297
/Users/mike/Dropbox/Projects/accesshou/dev-accesshou/needhou/settings.py changed, reloading.
INFO:django.utils.autoreload:/Users/mike/Dropbox/Projects/accesshou/dev-accesshou/needhou/settings.py changed, reloading.
Watching for file changes with StatReloader
/Users/mike/Dropbox/Projects/accesshou/dev-accesshou/needhou/settings.py changed, reloading.
INFO:django.utils.autoreload:/Users/mike/Dropbox/Projects/accesshou/dev-accesshou/needhou/settings.py changed, reloading.
Watching for file changes with StatReloader
/Users/mike/Dropbox/Projects/accesshou/dev-accesshou/needhou/settings.py changed, reloading.
INFO:django.utils.autoreload:/Users/mike/Dropbox/Projects/accesshou/dev-accesshou/needhou/settings.py changed, reloading.
